<?xml version="1.0" encoding="UTF-8"?>
<!-- Generated by org.testng.reporters.JUnitReportReporter -->
<testsuite hostname="STPL-MANISH" failures="0" tests="4" name="api.products.ProductAPITest" time="5.260" errors="0" timestamp="2025-04-01T10:10:46 NPT" skipped="0">
  <testcase classname="api.products.ProductAPITest" name="testDeleteProduct" time="0.726"/>
  <testcase classname="api.products.ProductAPITest" name="testGetAllProducts" time="0.514"/>
  <testcase classname="api.products.ProductAPITest" name="testCreateProduct" time="3.329"/>
  <testcase classname="api.products.ProductAPITest" name="testUpdateProduct" time="0.691"/>
</testsuite> <!-- api.products.ProductAPITest -->
