<?xml version="1.0" encoding="UTF-8"?>
<!-- Generated by org.testng.reporters.JUnitReportReporter -->
<testsuite hostname="STPL-MANISH" failures="0" tests="5" name="api.users.UsersAPITest" time="5.800" errors="0" timestamp="2025-04-01T17:35:41 NPT" skipped="0">
  <testcase classname="api.users.UsersAPITest" name="testGetAllUsers" time="0.443"/>
  <testcase classname="api.users.UsersAPITest" name="testDeleteUser" time="0.384"/>
  <testcase classname="api.users.UsersAPITest" name="testGetSingleUser" time="0.425"/>
  <testcase classname="api.users.UsersAPITest" name="testCreateUser" time="3.905"/>
  <testcase classname="api.users.UsersAPITest" name="testUpdateUser" time="0.643"/>
</testsuite> <!-- api.users.UsersAPITest -->
